<?xml version="1.0" encoding="UTF-8"?>
<!-- Generated by org.testng.reporters.JUnitXMLReporter -->
<testsuite ignored="0" hostname="LAPTOP-2IQIJNFE" failures="1" tests="1" name="Default test" time="8.539" errors="0" timestamp="2026-02-25T10:38:17 EST">
  <testcase classname="io.cucumber.testng.AbstractTestNGCucumberTests" name="runScenario" time="8.326">
    <failure type="java.lang.AssertionError" message="expected [Automation Exercise - Signup] but found [Automation Exercise - Signup / Login]">
      <![CDATA[java.lang.AssertionError: expected [Automation Exercise - Signup] but found [Automation Exercise - Signup / Login]
at org.testng.Assert.fail(Assert.java:111)
at org.testng.Assert.failNotEquals(Assert.java:1590)
at org.testng.Assert.assertEqualsImpl(Assert.java:150)
at org.testng.Assert.assertEquals(Assert.java:132)
at org.testng.Assert.assertEquals(Assert.java:656)
at org.testng.Assert.assertEquals(Assert.java:666)
at com.Sneha.Automation_exercise.stepdefinitions.SignupSteps.signup_page_is_opened(SignupSteps.java:73)
at ✽.Signup page is opened(file:///C:/Automation%20exercise%20workspace/Automation_Exercise/src/test/resources/Features/SignUp.feature:12)
]]>
    </failure>
  </testcase> <!-- runScenario -->
</testsuite> <!-- Default test -->
