<?xml version="1.0" encoding="UTF-8"?>
<testng-results ignored="0" total="1" passed="0" failed="1" skipped="0">
  <reporter-output>
  </reporter-output>
  <suite started-at="2026-02-25T10:49:40 EST" name="Default suite" finished-at="2026-02-25T10:49:50 EST" duration-ms="9730">
    <groups>
      <group name="cucumber">
        <method signature="AbstractTestNGCucumberTests.runScenario(io.cucumber.testng.PickleWrapper,io.cucumber.testng.FeatureWrapper)[pri:0, instance:com.Sneha.Automation_exercise.Runners.CucumberRunner@236e3f4e]" name="runScenario" class="io.cucumber.testng.AbstractTestNGCucumberTests"/>
      </group> <!-- cucumber -->
    </groups>
    <test started-at="2026-02-25T10:49:40 EST" name="Default test" finished-at="2026-02-25T10:49:50 EST" duration-ms="9730">
      <class name="com.Sneha.Automation_exercise.Runners.CucumberRunner">
        <test-method is-config="true" signature="setUpClass(org.testng.ITestContext)[pri:0, instance:com.Sneha.Automation_exercise.Runners.CucumberRunner@236e3f4e]" started-at="2026-02-25T10:49:40 EST" name="setUpClass" finished-at="2026-02-25T10:49:41 EST" duration-ms="168" status="PASS">
          <params>
            <param index="0">
              <value>
                <![CDATA[org.testng.TestRunner@ab7395e]]>
              </value>
            </param>
          </params>
          <reporter-output>
          </reporter-output>
        </test-method> <!-- setUpClass -->
        <test-method signature="runScenario(io.cucumber.testng.PickleWrapper,io.cucumber.testng.FeatureWrapper)[pri:0, instance:com.Sneha.Automation_exercise.Runners.CucumberRunner@236e3f4e]" started-at="2026-02-25T10:49:41 EST" name="runScenario" description="Runs Cucumber Scenarios" data-provider="scenarios" finished-at="2026-02-25T10:49:50 EST" duration-ms="9516" status="FAIL">
          <params>
            <param index="0">
              <value>
                <![CDATA["Successful signup with new user credentials"]]>
              </value>
            </param>
            <param index="1">
              <value>
                <![CDATA["Signup Feature"]]>
              </value>
            </param>
          </params>
          <exception class="java.lang.AssertionError">
            <message>
              <![CDATA[expected [Automation Exercise - Signup] but found [Automation Exercise - Signup / Login]]]>
            </message>
            <full-stacktrace>
              <![CDATA[java.lang.AssertionError: expected [Automation Exercise - Signup] but found [Automation Exercise - Signup / Login]
at org.testng.Assert.fail(Assert.java:111)
at org.testng.Assert.failNotEquals(Assert.java:1590)
at org.testng.Assert.assertEqualsImpl(Assert.java:150)
at org.testng.Assert.assertEquals(Assert.java:132)
at org.testng.Assert.assertEquals(Assert.java:656)
at org.testng.Assert.assertEquals(Assert.java:666)
at com.Sneha.Automation_exercise.stepdefinitions.SignupSteps.signup_page_is_opened(SignupSteps.java:73)
at ✽.Signup page is opened(file:///C:/Automation%20exercise%20workspace/Automation_Exercise/src/test/resources/Features/SignUp.feature:12)
]]>
            </full-stacktrace>
          </exception> <!-- java.lang.AssertionError -->
          <reporter-output>
          </reporter-output>
        </test-method> <!-- runScenario -->
        <test-method is-config="true" signature="tearDownClass()[pri:0, instance:com.Sneha.Automation_exercise.Runners.CucumberRunner@236e3f4e]" started-at="2026-02-25T10:49:50 EST" name="tearDownClass" finished-at="2026-02-25T10:49:50 EST" duration-ms="3" status="PASS">
          <reporter-output>
          </reporter-output>
        </test-method> <!-- tearDownClass -->
      </class> <!-- com.Sneha.Automation_exercise.Runners.CucumberRunner -->
    </test> <!-- Default test -->
  </suite> <!-- Default suite -->
</testng-results>
