<?xml version="1.0" encoding="UTF-8"?>
<testng-results ignored="0" total="16" passed="16" failed="0" skipped="0">
  <reporter-output>
  </reporter-output>
  <suite started-at="2026-03-20T17:33:29 EDT" name="Default suite" finished-at="2026-03-20T17:38:41 EDT" duration-ms="312028">
    <groups>
      <group name="cucumber">
        <method signature="AbstractTestNGCucumberTests.runScenario(io.cucumber.testng.PickleWrapper,io.cucumber.testng.FeatureWrapper)[pri:0, instance:com.Sneha.Automation_exercise.Runners.CucumberRunner@640dc4c6]" name="runScenario" class="io.cucumber.testng.AbstractTestNGCucumberTests"/>
      </group> <!-- cucumber -->
    </groups>
    <test started-at="2026-03-20T17:33:29 EDT" name="Default test" finished-at="2026-03-20T17:38:41 EDT" duration-ms="312028">
      <class name="com.Sneha.Automation_exercise.Runners.CucumberRunner">
        <test-method is-config="true" signature="setUpClass(org.testng.ITestContext)[pri:0, instance:com.Sneha.Automation_exercise.Runners.CucumberRunner@640dc4c6]" started-at="2026-03-20T17:33:29 EDT" name="setUpClass" finished-at="2026-03-20T17:33:30 EDT" duration-ms="1092" status="PASS">
          <params>
            <param index="0">
              <value>
                <![CDATA[org.testng.TestRunner@22cc2ae5]]>
              </value>
            </param>
          </params>
          <reporter-output>
          </reporter-output>
        </test-method> <!-- setUpClass -->
        <test-method signature="runScenario(io.cucumber.testng.PickleWrapper,io.cucumber.testng.FeatureWrapper)[pri:0, instance:com.Sneha.Automation_exercise.Runners.CucumberRunner@640dc4c6]" started-at="2026-03-20T17:33:30 EDT" name="runScenario" description="Runs Cucumber Scenarios" data-provider="scenarios" finished-at="2026-03-20T17:33:54 EDT" duration-ms="23965" status="PASS">
          <params>
            <param index="0">
              <value>
                <![CDATA["Add two products to cart and verify in cart"]]>
              </value>
            </param>
            <param index="1">
              <value>
                <![CDATA["Add to cart"]]>
              </value>
            </param>
          </params>
          <reporter-output>
          </reporter-output>
        </test-method> <!-- runScenario -->
        <test-method signature="runScenario(io.cucumber.testng.PickleWrapper,io.cucumber.testng.FeatureWrapper)[pri:0, instance:com.Sneha.Automation_exercise.Runners.CucumberRunner@640dc4c6]" started-at="2026-03-20T17:33:54 EDT" name="runScenario" description="Runs Cucumber Scenarios" data-provider="scenarios" finished-at="2026-03-20T17:34:04 EDT" duration-ms="10661" status="PASS">
          <params>
            <param index="0">
              <value>
                <![CDATA["Submit contact form successfully"]]>
              </value>
            </param>
            <param index="1">
              <value>
                <![CDATA["Contact Us Feature"]]>
              </value>
            </param>
          </params>
          <reporter-output>
          </reporter-output>
        </test-method> <!-- runScenario -->
        <test-method signature="runScenario(io.cucumber.testng.PickleWrapper,io.cucumber.testng.FeatureWrapper)[pri:0, instance:com.Sneha.Automation_exercise.Runners.CucumberRunner@640dc4c6]" started-at="2026-03-20T17:34:04 EDT" name="runScenario" description="Runs Cucumber Scenarios" data-provider="scenarios" finished-at="2026-03-20T17:34:22 EDT" duration-ms="17550" status="PASS">
          <params>
            <param index="0">
              <value>
                <![CDATA["Login with existing user credentials"]]>
              </value>
            </param>
            <param index="1">
              <value>
                <![CDATA["Login Feature"]]>
              </value>
            </param>
          </params>
          <reporter-output>
          </reporter-output>
        </test-method> <!-- runScenario -->
        <test-method signature="runScenario(io.cucumber.testng.PickleWrapper,io.cucumber.testng.FeatureWrapper)[pri:0, instance:com.Sneha.Automation_exercise.Runners.CucumberRunner@640dc4c6]" started-at="2026-03-20T17:34:22 EDT" name="runScenario" description="Runs Cucumber Scenarios" data-provider="scenarios" finished-at="2026-03-20T17:34:37 EDT" duration-ms="15406" status="PASS">
          <params>
            <param index="0">
              <value>
                <![CDATA["Login with existing user credentials"]]>
              </value>
            </param>
            <param index="1">
              <value>
                <![CDATA["Login Feature"]]>
              </value>
            </param>
          </params>
          <reporter-output>
          </reporter-output>
        </test-method> <!-- runScenario -->
        <test-method signature="runScenario(io.cucumber.testng.PickleWrapper,io.cucumber.testng.FeatureWrapper)[pri:0, instance:com.Sneha.Automation_exercise.Runners.CucumberRunner@640dc4c6]" started-at="2026-03-20T17:34:37 EDT" name="runScenario" description="Runs Cucumber Scenarios" data-provider="scenarios" finished-at="2026-03-20T17:34:56 EDT" duration-ms="18805" status="PASS">
          <params>
            <param index="0">
              <value>
                <![CDATA["Logout after successful login"]]>
              </value>
            </param>
            <param index="1">
              <value>
                <![CDATA["Logout Feature"]]>
              </value>
            </param>
          </params>
          <reporter-output>
          </reporter-output>
        </test-method> <!-- runScenario -->
        <test-method signature="runScenario(io.cucumber.testng.PickleWrapper,io.cucumber.testng.FeatureWrapper)[pri:0, instance:com.Sneha.Automation_exercise.Runners.CucumberRunner@640dc4c6]" started-at="2026-03-20T17:34:56 EDT" name="runScenario" description="Runs Cucumber Scenarios" data-provider="scenarios" finished-at="2026-03-20T17:35:14 EDT" duration-ms="17748" status="PASS">
          <params>
            <param index="0">
              <value>
                <![CDATA["Create account for TC16"]]>
              </value>
            </param>
            <param index="1">
              <value>
                <![CDATA["Place Order - Login before Checkout"]]>
              </value>
            </param>
          </params>
          <reporter-output>
          </reporter-output>
        </test-method> <!-- runScenario -->
        <test-method signature="runScenario(io.cucumber.testng.PickleWrapper,io.cucumber.testng.FeatureWrapper)[pri:0, instance:com.Sneha.Automation_exercise.Runners.CucumberRunner@640dc4c6]" started-at="2026-03-20T17:35:14 EDT" name="runScenario" description="Runs Cucumber Scenarios" data-provider="scenarios" finished-at="2026-03-20T17:35:46 EDT" duration-ms="31993" status="PASS">
          <params>
            <param index="0">
              <value>
                <![CDATA["Place Order Login before Checkout"]]>
              </value>
            </param>
            <param index="1">
              <value>
                <![CDATA["Place Order - Login before Checkout"]]>
              </value>
            </param>
          </params>
          <reporter-output>
          </reporter-output>
        </test-method> <!-- runScenario -->
        <test-method signature="runScenario(io.cucumber.testng.PickleWrapper,io.cucumber.testng.FeatureWrapper)[pri:0, instance:com.Sneha.Automation_exercise.Runners.CucumberRunner@640dc4c6]" started-at="2026-03-20T17:35:46 EDT" name="runScenario" description="Runs Cucumber Scenarios" data-provider="scenarios" finished-at="2026-03-20T17:36:41 EDT" duration-ms="55242" status="PASS">
          <params>
            <param index="0">
              <value>
                <![CDATA["Place Order Register while Checkout"]]>
              </value>
            </param>
            <param index="1">
              <value>
                <![CDATA["Place Order - Register while Checkout"]]>
              </value>
            </param>
          </params>
          <reporter-output>
          </reporter-output>
        </test-method> <!-- runScenario -->
        <test-method signature="runScenario(io.cucumber.testng.PickleWrapper,io.cucumber.testng.FeatureWrapper)[pri:0, instance:com.Sneha.Automation_exercise.Runners.CucumberRunner@640dc4c6]" started-at="2026-03-20T17:36:41 EDT" name="runScenario" description="Runs Cucumber Scenarios" data-provider="scenarios" finished-at="2026-03-20T17:36:57 EDT" duration-ms="15778" status="PASS">
          <params>
            <param index="0">
              <value>
                <![CDATA["Verify product quantity in Cart"]]>
              </value>
            </param>
            <param index="1">
              <value>
                <![CDATA["Verify Product Quantity in Cart"]]>
              </value>
            </param>
          </params>
          <reporter-output>
          </reporter-output>
        </test-method> <!-- runScenario -->
        <test-method signature="runScenario(io.cucumber.testng.PickleWrapper,io.cucumber.testng.FeatureWrapper)[pri:0, instance:com.Sneha.Automation_exercise.Runners.CucumberRunner@640dc4c6]" started-at="2026-03-20T17:36:57 EDT" name="runScenario" description="Runs Cucumber Scenarios" data-provider="scenarios" finished-at="2026-03-20T17:37:08 EDT" duration-ms="11501" status="PASS">
          <params>
            <param index="0">
              <value>
                <![CDATA["Open products list and view first product details"]]>
              </value>
            </param>
            <param index="1">
              <value>
                <![CDATA["Products Feature"]]>
              </value>
            </param>
          </params>
          <reporter-output>
          </reporter-output>
        </test-method> <!-- runScenario -->
        <test-method signature="runScenario(io.cucumber.testng.PickleWrapper,io.cucumber.testng.FeatureWrapper)[pri:0, instance:com.Sneha.Automation_exercise.Runners.CucumberRunner@640dc4c6]" started-at="2026-03-20T17:37:08 EDT" name="runScenario" description="Runs Cucumber Scenarios" data-provider="scenarios" finished-at="2026-03-20T17:37:37 EDT" duration-ms="28898" status="PASS">
          <params>
            <param index="0">
              <value>
                <![CDATA["Search for a product and verify results"]]>
              </value>
            </param>
            <param index="1">
              <value>
                <![CDATA["Search Product"]]>
              </value>
            </param>
          </params>
          <reporter-output>
          </reporter-output>
        </test-method> <!-- runScenario -->
        <test-method signature="runScenario(io.cucumber.testng.PickleWrapper,io.cucumber.testng.FeatureWrapper)[pri:0, instance:com.Sneha.Automation_exercise.Runners.CucumberRunner@640dc4c6]" started-at="2026-03-20T17:37:37 EDT" name="runScenario" description="Runs Cucumber Scenarios" data-provider="scenarios" finished-at="2026-03-20T17:37:51 EDT" duration-ms="14154" status="PASS">
          <params>
            <param index="0">
              <value>
                <![CDATA["Successful signup with new user credentials"]]>
              </value>
            </param>
            <param index="1">
              <value>
                <![CDATA["Signup Feature"]]>
              </value>
            </param>
          </params>
          <reporter-output>
          </reporter-output>
        </test-method> <!-- runScenario -->
        <test-method signature="runScenario(io.cucumber.testng.PickleWrapper,io.cucumber.testng.FeatureWrapper)[pri:0, instance:com.Sneha.Automation_exercise.Runners.CucumberRunner@640dc4c6]" started-at="2026-03-20T17:37:51 EDT" name="runScenario" description="Runs Cucumber Scenarios" data-provider="scenarios" finished-at="2026-03-20T17:38:04 EDT" duration-ms="12712" status="PASS">
          <params>
            <param index="0">
              <value>
                <![CDATA["Register with existing email"]]>
              </value>
            </param>
            <param index="1">
              <value>
                <![CDATA["Sign up with existing email"]]>
              </value>
            </param>
          </params>
          <reporter-output>
          </reporter-output>
        </test-method> <!-- runScenario -->
        <test-method signature="runScenario(io.cucumber.testng.PickleWrapper,io.cucumber.testng.FeatureWrapper)[pri:0, instance:com.Sneha.Automation_exercise.Runners.CucumberRunner@640dc4c6]" started-at="2026-03-20T17:38:04 EDT" name="runScenario" description="Runs Cucumber Scenarios" data-provider="scenarios" finished-at="2026-03-20T17:38:19 EDT" duration-ms="14357" status="PASS">
          <params>
            <param index="0">
              <value>
                <![CDATA["Verify Subscription in home page"]]>
              </value>
            </param>
            <param index="1">
              <value>
                <![CDATA["Subscription Feature"]]>
              </value>
            </param>
          </params>
          <reporter-output>
          </reporter-output>
        </test-method> <!-- runScenario -->
        <test-method signature="runScenario(io.cucumber.testng.PickleWrapper,io.cucumber.testng.FeatureWrapper)[pri:0, instance:com.Sneha.Automation_exercise.Runners.CucumberRunner@640dc4c6]" started-at="2026-03-20T17:38:19 EDT" name="runScenario" description="Runs Cucumber Scenarios" data-provider="scenarios" finished-at="2026-03-20T17:38:34 EDT" duration-ms="15152" status="PASS">
          <params>
            <param index="0">
              <value>
                <![CDATA["Verify Subscription in Cart page"]]>
              </value>
            </param>
            <param index="1">
              <value>
                <![CDATA["Subscription Feature"]]>
              </value>
            </param>
          </params>
          <reporter-output>
          </reporter-output>
        </test-method> <!-- runScenario -->
        <test-method signature="runScenario(io.cucumber.testng.PickleWrapper,io.cucumber.testng.FeatureWrapper)[pri:0, instance:com.Sneha.Automation_exercise.Runners.CucumberRunner@640dc4c6]" started-at="2026-03-20T17:38:34 EDT" name="runScenario" description="Runs Cucumber Scenarios" data-provider="scenarios" finished-at="2026-03-20T17:38:40 EDT" duration-ms="6794" status="PASS">
          <params>
            <param index="0">
              <value>
                <![CDATA["Open Test Cases page"]]>
              </value>
            </param>
            <param index="1">
              <value>
                <![CDATA["Test Cases page"]]>
              </value>
            </param>
          </params>
          <reporter-output>
          </reporter-output>
        </test-method> <!-- runScenario -->
        <test-method is-config="true" signature="tearDownClass()[pri:0, instance:com.Sneha.Automation_exercise.Runners.CucumberRunner@640dc4c6]" started-at="2026-03-20T17:38:40 EDT" name="tearDownClass" finished-at="2026-03-20T17:38:41 EDT" duration-ms="138" status="PASS">
          <reporter-output>
          </reporter-output>
        </test-method> <!-- tearDownClass -->
      </class> <!-- com.Sneha.Automation_exercise.Runners.CucumberRunner -->
    </test> <!-- Default test -->
  </suite> <!-- Default suite -->
</testng-results>
