<?xml version="1.0" encoding="UTF-8"?>
<!-- Generated by org.testng.reporters.JUnitReportReporter -->
<testsuite hostname="LAPTOP-2IQIJNFE" failures="0" tests="1" name="com.Sneha.Automation_exercise.Runners.CucumberRunner" time="42.526" errors="1" timestamp="2026-02-26T20:49:19 EST" skipped="0">
  <testcase classname="com.Sneha.Automation_exercise.Runners.CucumberRunner" name="runScenario" time="42.526">
    <error message="Build info: version: &#039;4.40.0&#039;, revision: &#039;b3333f1&#039;
System info: os.name: &#039;Windows 11&#039;, os.arch: &#039;amd64&#039;, os.version: &#039;10.0&#039;, java.version: &#039;21.0.8&#039;
Driver info: driver.version: unknown" type="org.openqa.selenium.ElementNotInteractableException">
      <![CDATA[org.openqa.selenium.ElementNotInteractableException: Build info: version: '4.40.0', revision: 'b3333f1'
System info: os.name: 'Windows 11', os.arch: 'amd64', os.version: '10.0', java.version: '21.0.8'
Driver info: driver.version: unknown
at com.Sneha.Automation_exercise.utils.BrowserUtils.clickOnElement(BrowserUtils.java:49)
at com.Sneha.Automation_exercise.stepdefinitions.SignupSteps.clicks_signup_button(SignupSteps.java:67)
at ✽.clicks Signup button(file:///C:/Automation%20exercise%20workspace/Automation_Exercise/src/test/resources/Features/SignUp.feature:11)
]]>
    </error>
  </testcase> <!-- runScenario -->
</testsuite> <!-- com.Sneha.Automation_exercise.Runners.CucumberRunner -->
